[16:18:17] [Client thread/INFO]: Setting user: Player637
[16:18:19] [Client thread/INFO]: LWJGL Version: 2.9.2
[16:18:21] [Client thread/INFO]: Reloading ResourceManager: Default, FMLFileResourcePack:Forge Mod Loader, FMLFileResourcePack:Minecraft Forge, FMLFileResourcePack:trixmotmod1
[16:18:21] [Sound Library Loader/INFO]: Starting up SoundSystem...
[16:18:21] [Thread-7/INFO]: Initializing LWJGL OpenAL
[16:18:21] [Thread-7/INFO]: (The LWJGL binding of OpenAL.  For more information, see http://www.lwjgl.org)
[16:18:21] [Thread-7/INFO]: OpenAL initialized.
[16:18:21] [Sound Library Loader/INFO]: Sound engine started
[16:18:22] [Client thread/INFO]: Created: 16x16 textures-atlas
[16:18:23] [Client thread/INFO]: Reloading ResourceManager: Default, FMLFileResourcePack:Forge Mod Loader, FMLFileResourcePack:Minecraft Forge, FMLFileResourcePack:trixmotmod1
[16:18:23] [Client thread/INFO]: SoundSystem shutting down...
[16:18:23] [Client thread/WARN]: Author: Paul Lamb, www.paulscode.com
[16:18:23] [Sound Library Loader/INFO]: Starting up SoundSystem...
[16:18:23] [Thread-9/INFO]: Initializing LWJGL OpenAL
[16:18:23] [Thread-9/INFO]: (The LWJGL binding of OpenAL.  For more information, see http://www.lwjgl.org)
[16:18:23] [Thread-9/INFO]: OpenAL initialized.
[16:18:23] [Sound Library Loader/INFO]: Sound engine started
[16:18:24] [Client thread/INFO]: Created: 512x512 textures-atlas
[16:18:28] [Server thread/INFO]: Starting integrated minecraft server version 1.8
[16:18:28] [Server thread/INFO]: Generating keypair
[16:18:29] [Server thread/INFO]: Preparing start region for level 0
[16:18:29] [Server thread/INFO]: Changing view distance to 12, from 10
[16:18:31] [Server thread/INFO]: Player637[local:E:d30890a5] logged in with entity id 428 at (2.5600265677633445, 86.37969486597952, 222.6205531762474)
[16:18:31] [Server thread/INFO]: Player637 joined the game
[16:18:39] [Server thread/INFO]: Saving and pausing game...
[16:18:39] [Server thread/INFO]: Saving chunks for level 'test1'/Overworld
[16:18:39] [Server thread/INFO]: Saving chunks for level 'test1'/Nether
[16:18:39] [Server thread/INFO]: Saving chunks for level 'test1'/The End
[16:18:43] [Server thread/INFO]: Stopping server
[16:18:43] [Server thread/INFO]: Saving players
[16:18:43] [Server thread/INFO]: Saving worlds
[16:18:43] [Server thread/INFO]: Saving chunks for level 'test1'/Overworld
[16:18:43] [Server thread/INFO]: Saving chunks for level 'test1'/Nether
[16:18:43] [Server thread/INFO]: Saving chunks for level 'test1'/The End
[16:18:44] [Client thread/INFO]: Stopping!
[16:18:44] [Client thread/INFO]: SoundSystem shutting down...
[16:18:44] [Client thread/WARN]: Author: Paul Lamb, www.paulscode.com
